Build started 11/8/2014 8:37:52 PM.
     1>Project "C:\Users\Maria\Documents\Visual Studio 2010\Projects\graphics-ex1\Graphics-Ex1.vcxproj" on node 2 (build target(s)).
     1>InitializeBuildStatus:
         Creating "Debug\Graphics-Ex1.unsuccessfulbuild" because "AlwaysCreate" was specified.
       ClCompile:
         C:\Program Files (x86)\Microsoft Visual Studio 10.0\VC\bin\CL.exe /c /I"C:\Users\Maria\Documents\Visual Studio 2010\Projects\graphics-ex1\src\shaders" /I"C:\Users\Maria\Documents\Visual Studio 2010\VC\Glew_glut\include" /Zi /nologo /W3 /WX- /Od /Oy- /D WIN32 /D _DEBUG /D _WINDOWS /D NOMINMAX /D _USE_MATH_DEFINES /Gm /EHsc /RTC1 /MDd /GS /fp:precise /Zc:wchar_t /Zc:forScope /Fo"Debug\\" /Fd"Debug\vc100.pdb" /Gd /TP /analyze- /errorReport:prompt src\Model.cpp
         Model.cpp
     1>src\Model.cpp(109): warning C4244: 'initializing' : conversion from 'int' to 'float', possible loss of data
     1>src\Model.cpp(110): warning C4244: '+=' : conversion from 'double' to 'float', possible loss of data
     1>src\Model.cpp(111): warning C4244: '+=' : conversion from 'double' to 'float', possible loss of data
     1>src\Model.cpp(146): warning C4244: '=' : conversion from 'int' to 'float', possible loss of data
     1>src\Model.cpp(147): warning C4244: '=' : conversion from 'int' to 'float', possible loss of data
       ManifestResourceCompile:
         All outputs are up-to-date.
       Link:
         C:\Program Files (x86)\Microsoft Visual Studio 10.0\VC\bin\link.exe /ERRORREPORT:PROMPT /OUT:"C:\Users\Maria\Documents\Visual Studio 2010\Projects\graphics-ex1\Debug\Graphics-Ex1.exe" /INCREMENTAL /NOLOGO /LIBPATH:"C:\Users\Maria\Documents\Visual Studio 2010\VC\Glew_glut\lib" kernel32.lib user32.lib gdi32.lib winspool.lib comdlg32.lib advapi32.lib shell32.lib ole32.lib oleaut32.lib uuid.lib odbc32.lib odbccp32.lib glew32.lib glew32s.lib kernel32.lib user32.lib gdi32.lib winspool.lib comdlg32.lib advapi32.lib shell32.lib ole32.lib oleaut32.lib uuid.lib odbc32.lib odbccp32.lib /MANIFEST /ManifestFile:"Debug\Graphics-Ex1.exe.intermediate.manifest" /MANIFESTUAC:"level='asInvoker' uiAccess='false'" /DEBUG /PDB:"C:\Users\Maria\Documents\Visual Studio 2010\Projects\graphics-ex1\Debug\Graphics-Ex1.pdb" /SUBSYSTEM:WINDOWS /TLBID:1 /ENTRY:"mainCRTStartup" /DYNAMICBASE /NXCOMPAT /IMPLIB:"C:\Users\Maria\Documents\Visual Studio 2010\Projects\graphics-ex1\Debug\Graphics-Ex1.lib" /MACHINE:X86 "Debug\Graphics-Ex1.exe.embed.manifest.res"
         Debug\ex0.obj
         Debug\Model.obj
         Debug\ShaderIO.obj
       Manifest:
         C:\Program Files (x86)\Microsoft SDKs\Windows\v7.0A\bin\mt.exe /nologo /verbose /out:"Debug\Graphics-Ex1.exe.embed.manifest" /manifest "Debug\Graphics-Ex1.exe.intermediate.manifest"
         All outputs are up-to-date.
       LinkEmbedManifest:
         All outputs are up-to-date.
         Graphics-Ex1.vcxproj -> C:\Users\Maria\Documents\Visual Studio 2010\Projects\graphics-ex1\Debug\Graphics-Ex1.exe
       FinalizeBuildStatus:
         Deleting file "Debug\Graphics-Ex1.unsuccessfulbuild".
         Touching "Debug\Graphics-Ex1.lastbuildstate".
     1>Done Building Project "C:\Users\Maria\Documents\Visual Studio 2010\Projects\graphics-ex1\Graphics-Ex1.vcxproj" (build target(s)).

Build succeeded.

Time Elapsed 00:00:01.47
